2019-10-31 20:39:50: == Sync Started by Sync Only Command
2019-10-31 20:39:50: Copy Over 'F:/Workplace/Eclipse/ProteinClassPrediction/.classpath' -> 'F:/Thesis/GIT/Image-based_effective_feature_generation_for_Protein_Structural_Class_and_Ligand_Binding_prediction/Code/ProteinClassPrediction/.classpath' (401)
2019-10-31 20:39:50: Copy Over 'F:/Workplace/Eclipse/ProteinClassPrediction/.project' -> 'F:/Thesis/GIT/Image-based_effective_feature_generation_for_Protein_Structural_Class_and_Ligand_Binding_prediction/Code/ProteinClassPrediction/.project' (398)
2019-10-31 20:39:50: Copy Over 'F:/Workplace/Eclipse/ProteinClassPrediction/.settings/org.eclipse.jdt.core.prefs' -> 'F:/Thesis/GIT/Image-based_effective_feature_generation_for_Protein_Structural_Class_and_Ligand_Binding_prediction/Code/ProteinClassPrediction/.settings/org.eclipse.jdt.core.prefs' (598)
2019-10-31 20:39:50: Copy Over 'F:/Workplace/Eclipse/ProteinClassPrediction/bin/ClassifyProtein.class' -> 'F:/Thesis/GIT/Image-based_effective_feature_generation_for_Protein_Structural_Class_and_Ligand_Binding_prediction/Code/ProteinClassPrediction/bin/ClassifyProtein.class' (4,088)
2019-10-31 20:39:51: Copy Over 'F:/Workplace/Eclipse/ProteinClassPrediction/bin/Hybrid_LBP_SMOTE.arff' -> 'F:/Thesis/GIT/Image-based_effective_feature_generation_for_Protein_Structural_Class_and_Ligand_Binding_prediction/Code/ProteinClassPrediction/bin/Hybrid_LBP_SMOTE.arff' (95,487,892)
2019-10-31 20:39:52: Copy Over 'F:/Workplace/Eclipse/ProteinClassPrediction/bin/RandomForest.class' -> 'F:/Thesis/GIT/Image-based_effective_feature_generation_for_Protein_Structural_Class_and_Ligand_Binding_prediction/Code/ProteinClassPrediction/bin/RandomForest.class' (2,826)
2019-10-31 20:39:52: Copy Over 'F:/Workplace/Eclipse/ProteinClassPrediction/bin/SVM.class' -> 'F:/Thesis/GIT/Image-based_effective_feature_generation_for_Protein_Structural_Class_and_Ligand_Binding_prediction/Code/ProteinClassPrediction/bin/SVM.class' (2,994)
2019-10-31 20:39:54: Copy Over 'F:/Workplace/Eclipse/ProteinClassPrediction/ClassifyProtein.exe' -> 'F:/Thesis/GIT/Image-based_effective_feature_generation_for_Protein_Structural_Class_and_Ligand_Binding_prediction/Code/ProteinClassPrediction/ClassifyProtein.exe' (52,574,655)
2019-10-31 20:39:55: Copy Over 'F:/Workplace/Eclipse/ProteinClassPrediction/ClassifyProtein.jar' -> 'F:/Thesis/GIT/Image-based_effective_feature_generation_for_Protein_Structural_Class_and_Ligand_Binding_prediction/Code/ProteinClassPrediction/ClassifyProtein.jar' (52,501,439)
2019-10-31 20:39:55: Copy Over 'F:/Workplace/Eclipse/ProteinClassPrediction/input/TestDataset.csv' -> 'F:/Thesis/GIT/Image-based_effective_feature_generation_for_Protein_Structural_Class_and_Ligand_Binding_prediction/Code/ProteinClassPrediction/input/TestDataset.csv' (23,618)
2019-10-31 20:39:56: Copy Over 'F:/Workplace/Eclipse/ProteinClassPrediction/jars/opencv-3.2.0-1.jar' -> 'F:/Thesis/GIT/Image-based_effective_feature_generation_for_Protein_Structural_Class_and_Ligand_Binding_prediction/Code/ProteinClassPrediction/jars/opencv-3.2.0-1.jar' (65,752,623)
2019-10-31 20:39:57: Copy Over 'F:/Workplace/Eclipse/ProteinClassPrediction/jars/weka.jar' -> 'F:/Thesis/GIT/Image-based_effective_feature_generation_for_Protein_Structural_Class_and_Ligand_Binding_prediction/Code/ProteinClassPrediction/jars/weka.jar' (11,025,147)
2019-10-31 20:39:57: Copy Over 'F:/Workplace/Eclipse/ProteinClassPrediction/output/prediction.txt' -> 'F:/Thesis/GIT/Image-based_effective_feature_generation_for_Protein_Structural_Class_and_Ligand_Binding_prediction/Code/ProteinClassPrediction/output/prediction.txt' (257)
2019-10-31 20:40:01: Copy Over 'F:/Workplace/Eclipse/ProteinClassPrediction/resources/Hybrid_LBP_SMOTE.arff' -> 'F:/Thesis/GIT/Image-based_effective_feature_generation_for_Protein_Structural_Class_and_Ligand_Binding_prediction/Code/ProteinClassPrediction/resources/Hybrid_LBP_SMOTE.arff' (95,487,892)
2019-10-31 20:40:02: Copy Over 'F:/Workplace/Eclipse/ProteinClassPrediction/src/ClassifyProtein.java' -> 'F:/Thesis/GIT/Image-based_effective_feature_generation_for_Protein_Structural_Class_and_Ligand_Binding_prediction/Code/ProteinClassPrediction/src/ClassifyProtein.java' (2,786)
2019-10-31 20:40:03: Copy Over 'F:/Workplace/Eclipse/ProteinClassPrediction/src/RandomForest.java' -> 'F:/Thesis/GIT/Image-based_effective_feature_generation_for_Protein_Structural_Class_and_Ligand_Binding_prediction/Code/ProteinClassPrediction/src/RandomForest.java' (1,631)
2019-10-31 20:40:03: Copy Over 'F:/Workplace/Eclipse/ProteinClassPrediction/src/SVM.java' -> 'F:/Thesis/GIT/Image-based_effective_feature_generation_for_Protein_Structural_Class_and_Ligand_Binding_prediction/Code/ProteinClassPrediction/src/SVM.java' (1,716)
2019-10-31 20:40:03: == Sync Complete. Time: 00:00:13, Speed: 27.3 MB/s, OK: 17, Errors: 0
2019-10-31 20:40:03: 
