2019-10-31 00:37:02: == Sync Started by Sync Only Command
2019-10-31 00:37:02: Copy Over 'F:/Workplace/Eclipse/ProteinClassPrediction/.classpath' -> 'F:/Thesis/GIT/Image-based-effective-feature-generation-for-protein-structural-class-and-ligand-binding-prediction/ProteinClassPrediction/.classpath' (401)
2019-10-31 00:37:02: Copy Over 'F:/Workplace/Eclipse/ProteinClassPrediction/.project' -> 'F:/Thesis/GIT/Image-based-effective-feature-generation-for-protein-structural-class-and-ligand-binding-prediction/ProteinClassPrediction/.project' (398)
2019-10-31 00:37:02: Copy Over 'F:/Workplace/Eclipse/ProteinClassPrediction/.settings/org.eclipse.jdt.core.prefs' -> 'F:/Thesis/GIT/Image-based-effective-feature-generation-for-protein-structural-class-and-ligand-binding-prediction/ProteinClassPrediction/.settings/org.eclipse.jdt.core.prefs' (598)
2019-10-31 00:37:02: Copy Over 'F:/Workplace/Eclipse/ProteinClassPrediction/bin/ClassifyProtein.class' -> 'F:/Thesis/GIT/Image-based-effective-feature-generation-for-protein-structural-class-and-ligand-binding-prediction/ProteinClassPrediction/bin/ClassifyProtein.class' (4,088)
2019-10-31 00:37:04: Copy Over 'F:/Workplace/Eclipse/ProteinClassPrediction/bin/Hybrid_LBP_SMOTE.arff' -> 'F:/Thesis/GIT/Image-based-effective-feature-generation-for-protein-structural-class-and-ligand-binding-prediction/ProteinClassPrediction/bin/Hybrid_LBP_SMOTE.arff' (95,487,892)
2019-10-31 00:37:04: Copy Over 'F:/Workplace/Eclipse/ProteinClassPrediction/bin/RandomForest.class' -> 'F:/Thesis/GIT/Image-based-effective-feature-generation-for-protein-structural-class-and-ligand-binding-prediction/ProteinClassPrediction/bin/RandomForest.class' (2,826)
2019-10-31 00:37:04: Copy Over 'F:/Workplace/Eclipse/ProteinClassPrediction/bin/SVM.class' -> 'F:/Thesis/GIT/Image-based-effective-feature-generation-for-protein-structural-class-and-ligand-binding-prediction/ProteinClassPrediction/bin/SVM.class' (2,994)
2019-10-31 00:37:07: Copy Over 'F:/Workplace/Eclipse/ProteinClassPrediction/ClassifyProtein.exe' -> 'F:/Thesis/GIT/Image-based-effective-feature-generation-for-protein-structural-class-and-ligand-binding-prediction/ProteinClassPrediction/ClassifyProtein.exe' (52,574,655)
2019-10-31 00:37:10: Copy Over 'F:/Workplace/Eclipse/ProteinClassPrediction/ClassifyProtein.jar' -> 'F:/Thesis/GIT/Image-based-effective-feature-generation-for-protein-structural-class-and-ligand-binding-prediction/ProteinClassPrediction/ClassifyProtein.jar' (52,501,439)
2019-10-31 00:37:11: Copy Over 'F:/Workplace/Eclipse/ProteinClassPrediction/input/TestDataset.csv' -> 'F:/Thesis/GIT/Image-based-effective-feature-generation-for-protein-structural-class-and-ligand-binding-prediction/ProteinClassPrediction/input/TestDataset.csv' (23,618)
2019-10-31 00:37:11: Copy Over 'F:/Workplace/Eclipse/ProteinClassPrediction/jars/opencv-3.2.0-1.jar' -> 'F:/Thesis/GIT/Image-based-effective-feature-generation-for-protein-structural-class-and-ligand-binding-prediction/ProteinClassPrediction/jars/opencv-3.2.0-1.jar' (65,752,623)
2019-10-31 00:37:12: Copy Over 'F:/Workplace/Eclipse/ProteinClassPrediction/jars/weka.jar' -> 'F:/Thesis/GIT/Image-based-effective-feature-generation-for-protein-structural-class-and-ligand-binding-prediction/ProteinClassPrediction/jars/weka.jar' (11,025,147)
2019-10-31 00:37:12: Copy Over 'F:/Workplace/Eclipse/ProteinClassPrediction/output/prediction.txt' -> 'F:/Thesis/GIT/Image-based-effective-feature-generation-for-protein-structural-class-and-ligand-binding-prediction/ProteinClassPrediction/output/prediction.txt' (257)
2019-10-31 00:37:13: Copy Over 'F:/Workplace/Eclipse/ProteinClassPrediction/resources/Hybrid_LBP_SMOTE.arff' -> 'F:/Thesis/GIT/Image-based-effective-feature-generation-for-protein-structural-class-and-ligand-binding-prediction/ProteinClassPrediction/resources/Hybrid_LBP_SMOTE.arff' (95,487,892)
2019-10-31 00:37:14: Copy Over 'F:/Workplace/Eclipse/ProteinClassPrediction/src/ClassifyProtein.java' -> 'F:/Thesis/GIT/Image-based-effective-feature-generation-for-protein-structural-class-and-ligand-binding-prediction/ProteinClassPrediction/src/ClassifyProtein.java' (2,786)
2019-10-31 00:37:14: Copy Over 'F:/Workplace/Eclipse/ProteinClassPrediction/src/RandomForest.java' -> 'F:/Thesis/GIT/Image-based-effective-feature-generation-for-protein-structural-class-and-ligand-binding-prediction/ProteinClassPrediction/src/RandomForest.java' (1,631)
2019-10-31 00:37:14: Copy Over 'F:/Workplace/Eclipse/ProteinClassPrediction/src/SVM.java' -> 'F:/Thesis/GIT/Image-based-effective-feature-generation-for-protein-structural-class-and-ligand-binding-prediction/ProteinClassPrediction/src/SVM.java' (1,716)
2019-10-31 00:37:15: == Sync Complete. Time: 00:00:13, Speed: 29.6 MB/s, OK: 24, Errors: 0
2019-10-31 00:37:15: 
