2019-10-31 00:36:55: == Sync Started by Sync Only Command
2019-10-31 00:36:55: Copy Over 'F:/Workplace/Eclipse/HybridLBP/.classpath' -> 'F:/Thesis/GIT/Image-based-effective-feature-generation-for-protein-structural-class-and-ligand-binding-prediction/HybridLBP/.classpath' (559)
2019-10-31 00:36:55: Copy Over 'F:/Workplace/Eclipse/HybridLBP/.project' -> 'F:/Thesis/GIT/Image-based-effective-feature-generation-for-protein-structural-class-and-ligand-binding-prediction/HybridLBP/.project' (385)
2019-10-31 00:36:55: Copy Over 'F:/Workplace/Eclipse/HybridLBP/.settings/org.eclipse.jdt.core.prefs' -> 'F:/Thesis/GIT/Image-based-effective-feature-generation-for-protein-structural-class-and-ligand-binding-prediction/HybridLBP/.settings/org.eclipse.jdt.core.prefs' (598)
2019-10-31 00:36:55: Copy Over 'F:/Workplace/Eclipse/HybridLBP/bin/atom_bond_feature/AtomBondFeatureForProteinClassPredicton.class' -> 'F:/Thesis/GIT/Image-based-effective-feature-generation-for-protein-structural-class-and-ligand-binding-prediction/HybridLBP/bin/atom_bond_feature/AtomBondFeatureForProteinClassPredicton.class' (7,113)
2019-10-31 00:36:55: Copy Over 'F:/Workplace/Eclipse/HybridLBP/bin/atom_bond_feature/LigandAtomBondFeatureForBindingPrediction.class' -> 'F:/Thesis/GIT/Image-based-effective-feature-generation-for-protein-structural-class-and-ligand-binding-prediction/HybridLBP/bin/atom_bond_feature/LigandAtomBondFeatureForBindingPrediction.class' (5,890)
2019-10-31 00:36:55: Copy Over 'F:/Workplace/Eclipse/HybridLBP/bin/atom_bond_feature/ProteinAtomBondFeatureForBindingPrediction.class' -> 'F:/Thesis/GIT/Image-based-effective-feature-generation-for-protein-structural-class-and-ligand-binding-prediction/HybridLBP/bin/atom_bond_feature/ProteinAtomBondFeatureForBindingPrediction.class' (4,833)
2019-10-31 00:36:55: Copy Over 'F:/Workplace/Eclipse/HybridLBP/bin/classifiers/Adaboost.class' -> 'F:/Thesis/GIT/Image-based-effective-feature-generation-for-protein-structural-class-and-ligand-binding-prediction/HybridLBP/bin/classifiers/Adaboost.class' (1,534)
2019-10-31 00:36:55: Copy Over 'F:/Workplace/Eclipse/HybridLBP/bin/classifiers/KNN.class' -> 'F:/Thesis/GIT/Image-based-effective-feature-generation-for-protein-structural-class-and-ligand-binding-prediction/HybridLBP/bin/classifiers/KNN.class' (1,839)
2019-10-31 00:36:55: Copy Over 'F:/Workplace/Eclipse/HybridLBP/bin/classifiers/NaiveBayes.class' -> 'F:/Thesis/GIT/Image-based-effective-feature-generation-for-protein-structural-class-and-ligand-binding-prediction/HybridLBP/bin/classifiers/NaiveBayes.class' (1,421)
2019-10-31 00:36:55: Copy Over 'F:/Workplace/Eclipse/HybridLBP/bin/classifiers/RandomForest.class' -> 'F:/Thesis/GIT/Image-based-effective-feature-generation-for-protein-structural-class-and-ligand-binding-prediction/HybridLBP/bin/classifiers/RandomForest.class' (3,858)
2019-10-31 00:36:55: Copy Over 'F:/Workplace/Eclipse/HybridLBP/bin/classifiers/SVM.class' -> 'F:/Thesis/GIT/Image-based-effective-feature-generation-for-protein-structural-class-and-ligand-binding-prediction/HybridLBP/bin/classifiers/SVM.class' (1,598)
2019-10-31 00:36:55: Copy Over 'F:/Workplace/Eclipse/HybridLBP/bin/filter/GaborFilter.class' -> 'F:/Thesis/GIT/Image-based-effective-feature-generation-for-protein-structural-class-and-ligand-binding-prediction/HybridLBP/bin/filter/GaborFilter.class' (1,185)
2019-10-31 00:36:55: Copy Over 'F:/Workplace/Eclipse/HybridLBP/bin/localBinaryPattern/CreateLBP.class' -> 'F:/Thesis/GIT/Image-based-effective-feature-generation-for-protein-structural-class-and-ligand-binding-prediction/HybridLBP/bin/localBinaryPattern/CreateLBP.class' (15,491)
2019-10-31 00:36:55: Copy Over 'F:/Workplace/Eclipse/HybridLBP/bin/localBinaryPattern/LBPreturnValue.class' -> 'F:/Thesis/GIT/Image-based-effective-feature-generation-for-protein-structural-class-and-ligand-binding-prediction/HybridLBP/bin/localBinaryPattern/LBPreturnValue.class' (1,143)
2019-10-31 00:36:55: Copy Over 'F:/Workplace/Eclipse/HybridLBP/bin/main/Execute.class' -> 'F:/Thesis/GIT/Image-based-effective-feature-generation-for-protein-structural-class-and-ligand-binding-prediction/HybridLBP/bin/main/Execute.class' (38,459)
2019-10-31 00:36:55: Copy Over 'F:/Workplace/Eclipse/HybridLBP/bin/main/ImageCreatorForBindingPrediction.class' -> 'F:/Thesis/GIT/Image-based-effective-feature-generation-for-protein-structural-class-and-ligand-binding-prediction/HybridLBP/bin/main/ImageCreatorForBindingPrediction.class' (4,937)
2019-10-31 00:36:55: Copy Over 'F:/Workplace/Eclipse/HybridLBP/bin/main/ImageCreatorForCLassPrediction.class' -> 'F:/Thesis/GIT/Image-based-effective-feature-generation-for-protein-structural-class-and-ligand-binding-prediction/HybridLBP/bin/main/ImageCreatorForCLassPrediction.class' (4,739)
2019-10-31 00:36:55: Copy Over 'F:/Workplace/Eclipse/HybridLBP/bin/main/R_MULSUB_ULBP_and_LBPCLBP.class' -> 'F:/Thesis/GIT/Image-based-effective-feature-generation-for-protein-structural-class-and-ligand-binding-prediction/HybridLBP/bin/main/R_MULSUB_ULBP_and_LBPCLBP.class' (5,411)
2019-10-31 00:36:56: Copy Over 'F:/Workplace/Eclipse/HybridLBP/bin/main/WekaClassifier.class' -> 'F:/Thesis/GIT/Image-based-effective-feature-generation-for-protein-structural-class-and-ligand-binding-prediction/HybridLBP/bin/main/WekaClassifier.class' (2,893)
2019-10-31 00:36:56: Copy Over 'F:/Workplace/Eclipse/HybridLBP/bin/prepare_dataset/ClusteredUnderSampling.class' -> 'F:/Thesis/GIT/Image-based-effective-feature-generation-for-protein-structural-class-and-ligand-binding-prediction/HybridLBP/bin/prepare_dataset/ClusteredUnderSampling.class' (7,052)
2019-10-31 00:36:56: Copy Over 'F:/Workplace/Eclipse/HybridLBP/bin/prepare_dataset/RandomUndersampling.class' -> 'F:/Thesis/GIT/Image-based-effective-feature-generation-for-protein-structural-class-and-ligand-binding-prediction/HybridLBP/bin/prepare_dataset/RandomUndersampling.class' (3,553)
2019-10-31 00:36:56: Copy Over 'F:/Workplace/Eclipse/HybridLBP/bin/randomPattern/RandomPattern.class' -> 'F:/Thesis/GIT/Image-based-effective-feature-generation-for-protein-structural-class-and-ligand-binding-prediction/HybridLBP/bin/randomPattern/RandomPattern.class' (10,713)
2019-10-31 00:36:56: Copy Over 'F:/Workplace/Eclipse/HybridLBP/bin/Scope-sid to Class info.csv' -> 'F:/Thesis/GIT/Image-based-effective-feature-generation-for-protein-structural-class-and-ligand-binding-prediction/HybridLBP/bin/Scope-sid to Class info.csv' (385,132)
2019-10-31 00:36:56: Copy Over 'F:/Workplace/Eclipse/HybridLBP/bin/wavelet/HaarWaveletTransform.class' -> 'F:/Thesis/GIT/Image-based-effective-feature-generation-for-protein-structural-class-and-ligand-binding-prediction/HybridLBP/bin/wavelet/HaarWaveletTransform.class' (2,528)
2019-10-31 00:36:56: Copy Over 'F:/Workplace/Eclipse/HybridLBP/bin/WaveltTest/wavTest.class' -> 'F:/Thesis/GIT/Image-based-effective-feature-generation-for-protein-structural-class-and-ligand-binding-prediction/HybridLBP/bin/WaveltTest/wavTest.class' (2,293)
2019-10-31 00:36:56: Copy Over 'F:/Workplace/Eclipse/HybridLBP/HybridLBP.exe' -> 'F:/Thesis/GIT/Image-based-effective-feature-generation-for-protein-structural-class-and-ligand-binding-prediction/HybridLBP/HybridLBP.exe' (77,026,696)
2019-10-31 00:36:57: Copy Over 'F:/Workplace/Eclipse/HybridLBP/HybridLBP.jar' -> 'F:/Thesis/GIT/Image-based-effective-feature-generation-for-protein-structural-class-and-ligand-binding-prediction/HybridLBP/HybridLBP.jar' (76,953,480)
2019-10-31 00:36:57: Copy Over 'F:/Workplace/Eclipse/HybridLBP/images/1267_lig_cg.pdb.jpg' -> 'F:/Thesis/GIT/Image-based-effective-feature-generation-for-protein-structural-class-and-ligand-binding-prediction/HybridLBP/images/1267_lig_cg.pdb.jpg' (397)
2019-10-31 00:36:57: Copy Over 'F:/Workplace/Eclipse/HybridLBP/images/1267_pro_cg.pdb.jpg' -> 'F:/Thesis/GIT/Image-based-effective-feature-generation-for-protein-structural-class-and-ligand-binding-prediction/HybridLBP/images/1267_pro_cg.pdb.jpg' (2,280,716)
2019-10-31 00:36:58: Copy Over 'F:/Workplace/Eclipse/HybridLBP/images/Temporary.jpg' -> 'F:/Thesis/GIT/Image-based-effective-feature-generation-for-protein-structural-class-and-ligand-binding-prediction/HybridLBP/images/Temporary.jpg' (2,280,716)
2019-10-31 00:36:58: Copy Over 'F:/Workplace/Eclipse/HybridLBP/input/Binding Prediction (Protein PDB + Ligand PDB)/1267_lig_cg.pdb' -> 'F:/Thesis/GIT/Image-based-effective-feature-generation-for-protein-structural-class-and-ligand-binding-prediction/HybridLBP/input/Binding Prediction (Protein PDB + Ligand PDB)/1267_lig_cg.pdb' (395)
2019-10-31 00:36:58: Copy Over 'F:/Workplace/Eclipse/HybridLBP/input/Binding Prediction (Protein PDB + Ligand PDB)/1267_pro_cg.pdb' -> 'F:/Thesis/GIT/Image-based-effective-feature-generation-for-protein-structural-class-and-ligand-binding-prediction/HybridLBP/input/Binding Prediction (Protein PDB + Ligand PDB)/1267_pro_cg.pdb' (502,124)
2019-10-31 00:36:58: Copy Over 'F:/Workplace/Eclipse/HybridLBP/input/Class Prediction (Protein PDB)/d1a0aa_.ent' -> 'F:/Thesis/GIT/Image-based-effective-feature-generation-for-protein-structural-class-and-ligand-binding-prediction/HybridLBP/input/Class Prediction (Protein PDB)/d1a0aa_.ent' (40,831)
2019-10-31 00:36:59: Copy Over 'F:/Workplace/Eclipse/HybridLBP/jars/opencv-3.2.0-1.jar' -> 'F:/Thesis/GIT/Image-based-effective-feature-generation-for-protein-structural-class-and-ligand-binding-prediction/HybridLBP/jars/opencv-3.2.0-1.jar' (65,752,623)
2019-10-31 00:36:59: Copy Over 'F:/Workplace/Eclipse/HybridLBP/jars/weka.jar' -> 'F:/Thesis/GIT/Image-based-effective-feature-generation-for-protein-structural-class-and-ligand-binding-prediction/HybridLBP/jars/weka.jar' (11,025,147)
2019-10-31 00:37:00: Copy Over 'F:/Workplace/Eclipse/HybridLBP/output/Binding Prediction/HybridLBP_(merged).csv' -> 'F:/Thesis/GIT/Image-based-effective-feature-generation-for-protein-structural-class-and-ligand-binding-prediction/HybridLBP/output/Binding Prediction/HybridLBP_(merged).csv' (23,721)
2019-10-31 00:37:00: Copy Over 'F:/Workplace/Eclipse/HybridLBP/output/Binding Prediction/LigandFeature.csv' -> 'F:/Thesis/GIT/Image-based-effective-feature-generation-for-protein-structural-class-and-ligand-binding-prediction/HybridLBP/output/Binding Prediction/LigandFeature.csv' (11,114)
2019-10-31 00:37:00: Copy Over 'F:/Workplace/Eclipse/HybridLBP/output/Binding Prediction/ProteinFeature.csv' -> 'F:/Thesis/GIT/Image-based-effective-feature-generation-for-protein-structural-class-and-ligand-binding-prediction/HybridLBP/output/Binding Prediction/ProteinFeature.csv' (12,630)
2019-10-31 00:37:00: Copy Over 'F:/Workplace/Eclipse/HybridLBP/output/Class Prediction/Hybrid_LBP_protein_dataset.csv' -> 'F:/Thesis/GIT/Image-based-effective-feature-generation-for-protein-structural-class-and-ligand-binding-prediction/HybridLBP/output/Class Prediction/Hybrid_LBP_protein_dataset.csv' (10,890)
2019-10-31 00:37:00: Copy Over 'F:/Workplace/Eclipse/HybridLBP/resources/Scope-sid to Class info.csv' -> 'F:/Thesis/GIT/Image-based-effective-feature-generation-for-protein-structural-class-and-ligand-binding-prediction/HybridLBP/resources/Scope-sid to Class info.csv' (385,132)
2019-10-31 00:37:00: Copy Over 'F:/Workplace/Eclipse/HybridLBP/src/atom_bond_feature/AtomBondFeatureForProteinClassPredicton.java' -> 'F:/Thesis/GIT/Image-based-effective-feature-generation-for-protein-structural-class-and-ligand-binding-prediction/HybridLBP/src/atom_bond_feature/AtomBondFeatureForProteinClassPredicton.java' (9,242)
2019-10-31 00:37:00: Copy Over 'F:/Workplace/Eclipse/HybridLBP/src/atom_bond_feature/LigandAtomBondFeatureForBindingPrediction.java' -> 'F:/Thesis/GIT/Image-based-effective-feature-generation-for-protein-structural-class-and-ligand-binding-prediction/HybridLBP/src/atom_bond_feature/LigandAtomBondFeatureForBindingPrediction.java' (6,702)
2019-10-31 00:37:00: Copy Over 'F:/Workplace/Eclipse/HybridLBP/src/atom_bond_feature/ProteinAtomBondFeatureForBindingPrediction.java' -> 'F:/Thesis/GIT/Image-based-effective-feature-generation-for-protein-structural-class-and-ligand-binding-prediction/HybridLBP/src/atom_bond_feature/ProteinAtomBondFeatureForBindingPrediction.java' (4,975)
2019-10-31 00:37:00: Copy Over 'F:/Workplace/Eclipse/HybridLBP/src/classifiers/Adaboost.java' -> 'F:/Thesis/GIT/Image-based-effective-feature-generation-for-protein-structural-class-and-ligand-binding-prediction/HybridLBP/src/classifiers/Adaboost.java' (642)
2019-10-31 00:37:00: Copy Over 'F:/Workplace/Eclipse/HybridLBP/src/classifiers/KNN.java' -> 'F:/Thesis/GIT/Image-based-effective-feature-generation-for-protein-structural-class-and-ligand-binding-prediction/HybridLBP/src/classifiers/KNN.java' (933)
2019-10-31 00:37:00: Copy Over 'F:/Workplace/Eclipse/HybridLBP/src/classifiers/NaiveBayes.java' -> 'F:/Thesis/GIT/Image-based-effective-feature-generation-for-protein-structural-class-and-ligand-binding-prediction/HybridLBP/src/classifiers/NaiveBayes.java' (632)
2019-10-31 00:37:00: Copy Over 'F:/Workplace/Eclipse/HybridLBP/src/classifiers/RandomForest.java' -> 'F:/Thesis/GIT/Image-based-effective-feature-generation-for-protein-structural-class-and-ligand-binding-prediction/HybridLBP/src/classifiers/RandomForest.java' (4,741)
2019-10-31 00:37:00: Copy Over 'F:/Workplace/Eclipse/HybridLBP/src/classifiers/SVM.java' -> 'F:/Thesis/GIT/Image-based-effective-feature-generation-for-protein-structural-class-and-ligand-binding-prediction/HybridLBP/src/classifiers/SVM.java' (677)
2019-10-31 00:37:00: Copy Over 'F:/Workplace/Eclipse/HybridLBP/src/filter/GaborFilter.java' -> 'F:/Thesis/GIT/Image-based-effective-feature-generation-for-protein-structural-class-and-ligand-binding-prediction/HybridLBP/src/filter/GaborFilter.java' (989)
2019-10-31 00:37:00: Copy Over 'F:/Workplace/Eclipse/HybridLBP/src/localBinaryPattern/CreateLBP.java' -> 'F:/Thesis/GIT/Image-based-effective-feature-generation-for-protein-structural-class-and-ligand-binding-prediction/HybridLBP/src/localBinaryPattern/CreateLBP.java' (22,853)
2019-10-31 00:37:00: Copy Over 'F:/Workplace/Eclipse/HybridLBP/src/localBinaryPattern/LBPreturnValue.java' -> 'F:/Thesis/GIT/Image-based-effective-feature-generation-for-protein-structural-class-and-ligand-binding-prediction/HybridLBP/src/localBinaryPattern/LBPreturnValue.java' (708)
2019-10-31 00:37:00: Copy Over 'F:/Workplace/Eclipse/HybridLBP/src/main/Execute.java' -> 'F:/Thesis/GIT/Image-based-effective-feature-generation-for-protein-structural-class-and-ligand-binding-prediction/HybridLBP/src/main/Execute.java' (38,847)
2019-10-31 00:37:00: Copy Over 'F:/Workplace/Eclipse/HybridLBP/src/main/ImageCreatorForBindingPrediction.java' -> 'F:/Thesis/GIT/Image-based-effective-feature-generation-for-protein-structural-class-and-ligand-binding-prediction/HybridLBP/src/main/ImageCreatorForBindingPrediction.java' (4,921)
2019-10-31 00:37:00: Copy Over 'F:/Workplace/Eclipse/HybridLBP/src/main/ImageCreatorForCLassPrediction.java' -> 'F:/Thesis/GIT/Image-based-effective-feature-generation-for-protein-structural-class-and-ligand-binding-prediction/HybridLBP/src/main/ImageCreatorForCLassPrediction.java' (5,262)
2019-10-31 00:37:01: Copy Over 'F:/Workplace/Eclipse/HybridLBP/src/main/R_MULSUB_ULBP_and_LBPCLBP.java' -> 'F:/Thesis/GIT/Image-based-effective-feature-generation-for-protein-structural-class-and-ligand-binding-prediction/HybridLBP/src/main/R_MULSUB_ULBP_and_LBPCLBP.java' (5,061)
2019-10-31 00:37:01: Copy Over 'F:/Workplace/Eclipse/HybridLBP/src/main/WekaClassifier.java' -> 'F:/Thesis/GIT/Image-based-effective-feature-generation-for-protein-structural-class-and-ligand-binding-prediction/HybridLBP/src/main/WekaClassifier.java' (2,272)
2019-10-31 00:37:01: Copy Over 'F:/Workplace/Eclipse/HybridLBP/src/prepare_dataset/ClusteredUnderSampling.java' -> 'F:/Thesis/GIT/Image-based-effective-feature-generation-for-protein-structural-class-and-ligand-binding-prediction/HybridLBP/src/prepare_dataset/ClusteredUnderSampling.java' (9,301)
2019-10-31 00:37:01: Copy Over 'F:/Workplace/Eclipse/HybridLBP/src/prepare_dataset/RandomUndersampling.java' -> 'F:/Thesis/GIT/Image-based-effective-feature-generation-for-protein-structural-class-and-ligand-binding-prediction/HybridLBP/src/prepare_dataset/RandomUndersampling.java' (3,457)
2019-10-31 00:37:01: Copy Over 'F:/Workplace/Eclipse/HybridLBP/src/randomPattern/RandomPattern.java' -> 'F:/Thesis/GIT/Image-based-effective-feature-generation-for-protein-structural-class-and-ligand-binding-prediction/HybridLBP/src/randomPattern/RandomPattern.java' (16,621)
2019-10-31 00:37:01: Copy Over 'F:/Workplace/Eclipse/HybridLBP/src/wavelet/HaarWaveletTransform.java' -> 'F:/Thesis/GIT/Image-based-effective-feature-generation-for-protein-structural-class-and-ligand-binding-prediction/HybridLBP/src/wavelet/HaarWaveletTransform.java' (3,471)
2019-10-31 00:37:01: Copy Over 'F:/Workplace/Eclipse/HybridLBP/src/WaveltTest/wavTest.java' -> 'F:/Thesis/GIT/Image-based-effective-feature-generation-for-protein-structural-class-and-ligand-binding-prediction/HybridLBP/src/WaveltTest/wavTest.java' (1,912)
2019-10-31 00:37:02: == Sync Complete. Time: 00:00:07, Speed: 37.7 MB/s, OK: 91, Errors: 0
2019-10-31 00:37:02: 
